[2m2020-06-11 00:24:35.795[0;39m [32m INFO[0;39m [35m7704[0;39m [2m---[0;39m [2m[  restartedMain][0;39m [36m.e.DevToolsPropertyDefaultsPostProcessor[0;39m [2m:[0;39m Devtools property defaults active! Set 'spring.devtools.add-properties' to 'false' to disable
[2m2020-06-11 00:24:35.798[0;39m [32m INFO[0;39m [35m7704[0;39m [2m---[0;39m [2m[  restartedMain][0;39m [36m.e.DevToolsPropertyDefaultsPostProcessor[0;39m [2m:[0;39m For additional web related logging consider setting the 'logging.level.web' property to 'DEBUG'
[2m2020-06-11 00:24:36.915[0;39m [32m INFO[0;39m [35m7704[0;39m [2m---[0;39m [2m[  restartedMain][0;39m [36mtrationDelegate$BeanPostProcessorChecker[0;39m [2m:[0;39m Bean 'org.springframework.ws.config.annotation.DelegatingWsConfiguration' of type [org.springframework.ws.config.annotation.DelegatingWsConfiguration$$EnhancerBySpringCGLIB$$73a09d78] is not eligible for getting processed by all BeanPostProcessors (for example: not eligible for auto-proxying)
[2m2020-06-11 00:24:36.940[0;39m [32m INFO[0;39m [35m7704[0;39m [2m---[0;39m [2m[  restartedMain][0;39m [36m.w.s.a.s.AnnotationActionEndpointMapping[0;39m [2m:[0;39m Supporting [WS-Addressing August 2004, WS-Addressing 1.0]
[2m2020-06-11 00:24:37.161[0;39m [32m INFO[0;39m [35m7704[0;39m [2m---[0;39m [2m[  restartedMain][0;39m [36mo.s.b.w.embedded.tomcat.TomcatWebServer [0;39m [2m:[0;39m Tomcat initialized with port(s): 7070 (http)
[2m2020-06-11 00:24:37.321[0;39m [32m INFO[0;39m [35m7704[0;39m [2m---[0;39m [2m[  restartedMain][0;39m [36mo.s.web.context.ContextLoader           [0;39m [2m:[0;39m Root WebApplicationContext: initialization completed in 1521 ms
[2m2020-06-11 00:24:38.001[0;39m [32m INFO[0;39m [35m7704[0;39m [2m---[0;39m [2m[  restartedMain][0;39m [36mo.s.s.concurrent.ThreadPoolTaskExecutor [0;39m [2m:[0;39m Initializing ExecutorService 'applicationTaskExecutor'
[2m2020-06-11 00:24:38.038[0;39m [32m INFO[0;39m [35m7704[0;39m [2m---[0;39m [2m[  restartedMain][0;39m [36mo.s.b.d.a.OptionalLiveReloadServer      [0;39m [2m:[0;39m LiveReload server is running on port 35729
[2m2020-06-11 00:24:38.146[0;39m [32m INFO[0;39m [35m7704[0;39m [2m---[0;39m [2m[  restartedMain][0;39m [36mo.s.b.a.w.s.WelcomePageHandlerMapping   [0;39m [2m:[0;39m Adding welcome page: class path resource [static/index.html]
[2m2020-06-11 00:24:38.323[0;39m [32m INFO[0;39m [35m7704[0;39m [2m---[0;39m [2m[  restartedMain][0;39m [36mo.s.b.w.embedded.tomcat.TomcatWebServer [0;39m [2m:[0;39m Tomcat started on port(s): 7070 (http) with context path '/myapp'
[2m2020-06-11 00:24:52.356[0;39m [32m INFO[0;39m [35m7704[0;39m [2m---[0;39m [2m[nio-7070-exec-4][0;39m [36mo.s.web.servlet.DispatcherServlet       [0;39m [2m:[0;39m Initializing Servlet 'dispatcherServlet'
[2m2020-06-11 00:24:52.368[0;39m [32m INFO[0;39m [35m7704[0;39m [2m---[0;39m [2m[nio-7070-exec-4][0;39m [36mo.s.web.servlet.DispatcherServlet       [0;39m [2m:[0;39m Completed initialization in 9 ms
[2m2020-06-11 00:25:17.184[0;39m [32mDEBUG[0;39m [35m7704[0;39m [2m---[0;39m [2m[nio-7070-exec-9][0;39m [36mc.s.happyhouse.controller.QnAController [0;39m [2m:[0;39m retrieveQnA - 호출
[2m2020-06-11 00:25:17.226[0;39m [32mDEBUG[0;39m [35m7704[0;39m [2m---[0;39m [2m[nio-7070-exec-5][0;39m [36mc.s.happyhouse.controller.QnAController [0;39m [2m:[0;39m writeQnA - 호출
[2m2020-06-11 00:25:17.260[0;39m [32mDEBUG[0;39m [35m7704[0;39m [2m---[0;39m [2m[nio-7070-exec-8][0;39m [36mc.s.happyhouse.controller.QnAController [0;39m [2m:[0;39m retrieveQnA - 호출
[2m2020-06-11 00:25:32.220[0;39m [32mDEBUG[0;39m [35m7704[0;39m [2m---[0;39m [2m[nio-7070-exec-7][0;39m [36mc.s.happyhouse.controller.QnAController [0;39m [2m:[0;39m deleteQnA - 호출
[2m2020-06-11 00:25:32.240[0;39m [32mDEBUG[0;39m [35m7704[0;39m [2m---[0;39m [2m[nio-7070-exec-1][0;39m [36mc.s.happyhouse.controller.QnAController [0;39m [2m:[0;39m retrieveQnA - 호출
[2m2020-06-11 00:25:33.347[0;39m [32mDEBUG[0;39m [35m7704[0;39m [2m---[0;39m [2m[nio-7070-exec-2][0;39m [36mc.s.happyhouse.controller.QnAController [0;39m [2m:[0;39m deleteQnA - 호출
[2m2020-06-11 00:25:33.371[0;39m [32mDEBUG[0;39m [35m7704[0;39m [2m---[0;39m [2m[io-7070-exec-10][0;39m [36mc.s.happyhouse.controller.QnAController [0;39m [2m:[0;39m retrieveQnA - 호출
[2m2020-06-11 00:25:33.954[0;39m [32mDEBUG[0;39m [35m7704[0;39m [2m---[0;39m [2m[nio-7070-exec-9][0;39m [36mc.s.happyhouse.controller.QnAController [0;39m [2m:[0;39m deleteQnA - 호출
[2m2020-06-11 00:25:33.968[0;39m [32mDEBUG[0;39m [35m7704[0;39m [2m---[0;39m [2m[nio-7070-exec-5][0;39m [36mc.s.happyhouse.controller.QnAController [0;39m [2m:[0;39m retrieveQnA - 호출
[2m2020-06-11 00:29:12.712[0;39m [32mDEBUG[0;39m [35m7704[0;39m [2m---[0;39m [2m[nio-7070-exec-1][0;39m [36mc.s.happyhouse.controller.QnAController [0;39m [2m:[0;39m deleteQnA - 호출
[2m2020-06-11 00:29:12.732[0;39m [32mDEBUG[0;39m [35m7704[0;39m [2m---[0;39m [2m[nio-7070-exec-3][0;39m [36mc.s.happyhouse.controller.QnAController [0;39m [2m:[0;39m retrieveQnA - 호출
[2m2020-06-11 00:30:56.642[0;39m [33m WARN[0;39m [35m7704[0;39m [2m---[0;39m [2m[io-7070-exec-10][0;39m [36m.w.s.m.s.DefaultHandlerExceptionResolver[0;39m [2m:[0;39m Resolved [org.springframework.web.method.annotation.MethodArgumentTypeMismatchException: Failed to convert value of type 'java.lang.String' to required type 'int'; nested exception is java.lang.NumberFormatException: For input string: "undefined"]
[2m2020-06-11 00:41:22.952[0;39m [32mDEBUG[0;39m [35m7704[0;39m [2m---[0;39m [2m[nio-7070-exec-6][0;39m [36mc.s.happyhouse.controller.QnAController [0;39m [2m:[0;39m retrieveQnA - 호출
[2m2020-06-11 00:41:24.551[0;39m [32mDEBUG[0;39m [35m7704[0;39m [2m---[0;39m [2m[nio-7070-exec-5][0;39m [36mc.s.happyhouse.controller.QnAController [0;39m [2m:[0;39m deleteQnA - 호출
[2m2020-06-11 00:41:24.567[0;39m [32mDEBUG[0;39m [35m7704[0;39m [2m---[0;39m [2m[nio-7070-exec-4][0;39m [36mc.s.happyhouse.controller.QnAController [0;39m [2m:[0;39m retrieveQnA - 호출
[2m2020-06-11 00:44:22.715[0;39m [32mDEBUG[0;39m [35m7704[0;39m [2m---[0;39m [2m[nio-7070-exec-1][0;39m [36mc.s.happyhouse.controller.QnAController [0;39m [2m:[0;39m retrieveQnA - 호출
[2m2020-06-11 00:44:22.721[0;39m [32mDEBUG[0;39m [35m7704[0;39m [2m---[0;39m [2m[nio-7070-exec-3][0;39m [36mc.s.happyhouse.controller.QnAController [0;39m [2m:[0;39m writeQnA - 호출
[2m2020-06-11 00:44:22.751[0;39m [32mDEBUG[0;39m [35m7704[0;39m [2m---[0;39m [2m[nio-7070-exec-2][0;39m [36mc.s.happyhouse.controller.QnAController [0;39m [2m:[0;39m retrieveQnA - 호출
[2m2020-06-11 00:44:26.414[0;39m [32mDEBUG[0;39m [35m7704[0;39m [2m---[0;39m [2m[nio-7070-exec-6][0;39m [36mc.s.happyhouse.controller.QnAController [0;39m [2m:[0;39m deleteQnA - 호출
[2m2020-06-11 00:44:26.429[0;39m [32mDEBUG[0;39m [35m7704[0;39m [2m---[0;39m [2m[nio-7070-exec-9][0;39m [36mc.s.happyhouse.controller.QnAController [0;39m [2m:[0;39m retrieveQnA - 호출
[2m2020-06-11 00:44:27.261[0;39m [32mDEBUG[0;39m [35m7704[0;39m [2m---[0;39m [2m[nio-7070-exec-4][0;39m [36mc.s.happyhouse.controller.QnAController [0;39m [2m:[0;39m deleteQnA - 호출
[2m2020-06-11 00:44:27.276[0;39m [32mDEBUG[0;39m [35m7704[0;39m [2m---[0;39m [2m[nio-7070-exec-8][0;39m [36mc.s.happyhouse.controller.QnAController [0;39m [2m:[0;39m retrieveQnA - 호출
[2m2020-06-11 00:44:30.400[0;39m [33m WARN[0;39m [35m7704[0;39m [2m---[0;39m [2m[nio-7070-exec-7][0;39m [36m.w.s.m.s.DefaultHandlerExceptionResolver[0;39m [2m:[0;39m Resolved [org.springframework.web.method.annotation.MethodArgumentTypeMismatchException: Failed to convert value of type 'java.lang.String' to required type 'int'; nested exception is java.lang.NumberFormatException: For input string: "undefined"]
[2m2020-06-11 00:44:33.155[0;39m [32mDEBUG[0;39m [35m7704[0;39m [2m---[0;39m [2m[nio-7070-exec-1][0;39m [36mc.s.happyhouse.controller.QnAController [0;39m [2m:[0;39m retrieveQnA - 호출
[2m2020-06-11 00:50:45.578[0;39m [32mDEBUG[0;39m [35m7704[0;39m [2m---[0;39m [2m[nio-7070-exec-2][0;39m [36mc.s.happyhouse.controller.QnAController [0;39m [2m:[0;39m retrieveQnA - 호출
[2m2020-06-11 00:50:47.367[0;39m [32mDEBUG[0;39m [35m7704[0;39m [2m---[0;39m [2m[io-7070-exec-10][0;39m [36mc.s.happyhouse.controller.QnAController [0;39m [2m:[0;39m detailQnA - 호출
[2m2020-06-11 00:51:35.889[0;39m [32mDEBUG[0;39m [35m7704[0;39m [2m---[0;39m [2m[nio-7070-exec-6][0;39m [36mc.s.happyhouse.controller.QnAController [0;39m [2m:[0;39m retrieveQnA - 호출
[2m2020-06-11 00:51:39.106[0;39m [32mDEBUG[0;39m [35m7704[0;39m [2m---[0;39m [2m[nio-7070-exec-9][0;39m [36mc.s.happyhouse.controller.QnAController [0;39m [2m:[0;39m detailQnA - 호출
[2m2020-06-11 00:51:40.505[0;39m [32mDEBUG[0;39m [35m7704[0;39m [2m---[0;39m [2m[nio-7070-exec-5][0;39m [36mc.s.happyhouse.controller.QnAController [0;39m [2m:[0;39m retrieveQnA - 호출
[2m2020-06-11 00:51:41.260[0;39m [32mDEBUG[0;39m [35m7704[0;39m [2m---[0;39m [2m[nio-7070-exec-4][0;39m [36mc.s.happyhouse.controller.QnAController [0;39m [2m:[0;39m detailQnA - 호출
[2m2020-06-11 00:51:42.630[0;39m [32mDEBUG[0;39m [35m7704[0;39m [2m---[0;39m [2m[nio-7070-exec-8][0;39m [36mc.s.happyhouse.controller.QnAController [0;39m [2m:[0;39m retrieveQnA - 호출
[2m2020-06-11 00:55:17.716[0;39m [32mDEBUG[0;39m [35m7704[0;39m [2m---[0;39m [2m[nio-7070-exec-1][0;39m [36mc.s.happyhouse.controller.QnAController [0;39m [2m:[0;39m retrieveQnA - 호출
[2m2020-06-11 00:55:18.722[0;39m [33m WARN[0;39m [35m7704[0;39m [2m---[0;39m [2m[nio-7070-exec-3][0;39m [36m.w.s.m.s.DefaultHandlerExceptionResolver[0;39m [2m:[0;39m Resolved [org.springframework.web.method.annotation.MethodArgumentTypeMismatchException: Failed to convert value of type 'java.lang.String' to required type 'int'; nested exception is java.lang.NumberFormatException: For input string: "undefined"]
[2m2020-06-11 00:55:23.542[0;39m [32mDEBUG[0;39m [35m7704[0;39m [2m---[0;39m [2m[nio-7070-exec-2][0;39m [36mc.s.happyhouse.controller.QnAController [0;39m [2m:[0;39m detailQnA - 호출
[2m2020-06-11 00:55:28.165[0;39m [32mDEBUG[0;39m [35m7704[0;39m [2m---[0;39m [2m[io-7070-exec-10][0;39m [36mc.s.happyhouse.controller.QnAController [0;39m [2m:[0;39m retrieveQnA - 호출
[2m2020-06-11 00:55:38.028[0;39m [32mDEBUG[0;39m [35m7704[0;39m [2m---[0;39m [2m[nio-7070-exec-9][0;39m [36mc.s.happyhouse.controller.QnAController [0;39m [2m:[0;39m detailQnA - 호출
